Determining if the pthread_create exist failed with the following output:
Change Dir: /home/jeberlen/School/project2/testenviroment/smartcar-gmock/test/build/arduino_mock/arduino_mock/src/arduino_mock-build/lib/gtest/gtest/src/gtest-build/CMakeFiles/CMakeTmp

Run Build Command:"/usr/bin/make" "cmTC_1ba7d/fast"
make[6]: Entering directory '/home/jeberlen/School/project2/testenviroment/smartcar-gmock/test/build/arduino_mock/arduino_mock/src/arduino_mock-build/lib/gtest/gtest/src/gtest-build/CMakeFiles/CMakeTmp'
/usr/bin/make -f CMakeFiles/cmTC_1ba7d.dir/build.make CMakeFiles/cmTC_1ba7d.dir/build
make[7]: Entering directory '/home/jeberlen/School/project2/testenviroment/smartcar-gmock/test/build/arduino_mock/arduino_mock/src/arduino_mock-build/lib/gtest/gtest/src/gtest-build/CMakeFiles/CMakeTmp'
Building C object CMakeFiles/cmTC_1ba7d.dir/CheckSymbolExists.c.o
/usr/bin/cc     -o CMakeFiles/cmTC_1ba7d.dir/CheckSymbolExists.c.o   -c /home/jeberlen/School/project2/testenviroment/smartcar-gmock/test/build/arduino_mock/arduino_mock/src/arduino_mock-build/lib/gtest/gtest/src/gtest-build/CMakeFiles/CMakeTmp/CheckSymbolExists.c
Linking C executable cmTC_1ba7d
/usr/bin/cmake -E cmake_link_script CMakeFiles/cmTC_1ba7d.dir/link.txt --verbose=1
/usr/bin/cc       CMakeFiles/cmTC_1ba7d.dir/CheckSymbolExists.c.o  -o cmTC_1ba7d -rdynamic 
CMakeFiles/cmTC_1ba7d.dir/CheckSymbolExists.c.o: In function `main':
CheckSymbolExists.c:(.text+0x16): undefined reference to `pthread_create'
collect2: error: ld returned 1 exit status
CMakeFiles/cmTC_1ba7d.dir/build.make:97: recipe for target 'cmTC_1ba7d' failed
make[7]: *** [cmTC_1ba7d] Error 1
make[7]: Leaving directory '/home/jeberlen/School/project2/testenviroment/smartcar-gmock/test/build/arduino_mock/arduino_mock/src/arduino_mock-build/lib/gtest/gtest/src/gtest-build/CMakeFiles/CMakeTmp'
Makefile:126: recipe for target 'cmTC_1ba7d/fast' failed
make[6]: *** [cmTC_1ba7d/fast] Error 2
make[6]: Leaving directory '/home/jeberlen/School/project2/testenviroment/smartcar-gmock/test/build/arduino_mock/arduino_mock/src/arduino_mock-build/lib/gtest/gtest/src/gtest-build/CMakeFiles/CMakeTmp'

File /home/jeberlen/School/project2/testenviroment/smartcar-gmock/test/build/arduino_mock/arduino_mock/src/arduino_mock-build/lib/gtest/gtest/src/gtest-build/CMakeFiles/CMakeTmp/CheckSymbolExists.c:
/* */
#include <pthread.h>

int main(int argc, char** argv)
{
  (void)argv;
#ifndef pthread_create
  return ((int*)(&pthread_create))[argc];
#else
  (void)argc;
  return 0;
#endif
}

Determining if the function pthread_create exists in the pthreads failed with the following output:
Change Dir: /home/jeberlen/School/project2/testenviroment/smartcar-gmock/test/build/arduino_mock/arduino_mock/src/arduino_mock-build/lib/gtest/gtest/src/gtest-build/CMakeFiles/CMakeTmp

Run Build Command:"/usr/bin/make" "cmTC_f7716/fast"
make[6]: Entering directory '/home/jeberlen/School/project2/testenviroment/smartcar-gmock/test/build/arduino_mock/arduino_mock/src/arduino_mock-build/lib/gtest/gtest/src/gtest-build/CMakeFiles/CMakeTmp'
/usr/bin/make -f CMakeFiles/cmTC_f7716.dir/build.make CMakeFiles/cmTC_f7716.dir/build
make[7]: Entering directory '/home/jeberlen/School/project2/testenviroment/smartcar-gmock/test/build/arduino_mock/arduino_mock/src/arduino_mock-build/lib/gtest/gtest/src/gtest-build/CMakeFiles/CMakeTmp'
Building C object CMakeFiles/cmTC_f7716.dir/CheckFunctionExists.c.o
/usr/bin/cc    -DCHECK_FUNCTION_EXISTS=pthread_create   -o CMakeFiles/cmTC_f7716.dir/CheckFunctionExists.c.o   -c /usr/share/cmake-3.5/Modules/CheckFunctionExists.c
Linking C executable cmTC_f7716
/usr/bin/cmake -E cmake_link_script CMakeFiles/cmTC_f7716.dir/link.txt --verbose=1
/usr/bin/cc   -DCHECK_FUNCTION_EXISTS=pthread_create    CMakeFiles/cmTC_f7716.dir/CheckFunctionExists.c.o  -o cmTC_f7716 -rdynamic -lpthreads 
/usr/bin/ld: cannot find -lpthreads
collect2: error: ld returned 1 exit status
CMakeFiles/cmTC_f7716.dir/build.make:97: recipe for target 'cmTC_f7716' failed
make[7]: *** [cmTC_f7716] Error 1
make[7]: Leaving directory '/home/jeberlen/School/project2/testenviroment/smartcar-gmock/test/build/arduino_mock/arduino_mock/src/arduino_mock-build/lib/gtest/gtest/src/gtest-build/CMakeFiles/CMakeTmp'
Makefile:126: recipe for target 'cmTC_f7716/fast' failed
make[6]: *** [cmTC_f7716/fast] Error 2
make[6]: Leaving directory '/home/jeberlen/School/project2/testenviroment/smartcar-gmock/test/build/arduino_mock/arduino_mock/src/arduino_mock-build/lib/gtest/gtest/src/gtest-build/CMakeFiles/CMakeTmp'


