Determining if the pthread_create exist failed with the following output:
Change Dir: /home/jeberlen/School/project2/testenviroment/smartcar-gmock/test/build/arduino_mock/arduino_mock/src/arduino_mock-build/lib/gmock/gmock/src/gmock-build/CMakeFiles/CMakeTmp

Run Build Command:"/usr/bin/make" "cmTC_6ed1b/fast"
make[6]: Entering directory '/home/jeberlen/School/project2/testenviroment/smartcar-gmock/test/build/arduino_mock/arduino_mock/src/arduino_mock-build/lib/gmock/gmock/src/gmock-build/CMakeFiles/CMakeTmp'
/usr/bin/make -f CMakeFiles/cmTC_6ed1b.dir/build.make CMakeFiles/cmTC_6ed1b.dir/build
make[7]: Entering directory '/home/jeberlen/School/project2/testenviroment/smartcar-gmock/test/build/arduino_mock/arduino_mock/src/arduino_mock-build/lib/gmock/gmock/src/gmock-build/CMakeFiles/CMakeTmp'
Building C object CMakeFiles/cmTC_6ed1b.dir/CheckSymbolExists.c.o
/usr/bin/cc     -o CMakeFiles/cmTC_6ed1b.dir/CheckSymbolExists.c.o   -c /home/jeberlen/School/project2/testenviroment/smartcar-gmock/test/build/arduino_mock/arduino_mock/src/arduino_mock-build/lib/gmock/gmock/src/gmock-build/CMakeFiles/CMakeTmp/CheckSymbolExists.c
Linking C executable cmTC_6ed1b
/usr/bin/cmake -E cmake_link_script CMakeFiles/cmTC_6ed1b.dir/link.txt --verbose=1
/usr/bin/cc       CMakeFiles/cmTC_6ed1b.dir/CheckSymbolExists.c.o  -o cmTC_6ed1b -rdynamic 
CMakeFiles/cmTC_6ed1b.dir/CheckSymbolExists.c.o: In function `main':
CheckSymbolExists.c:(.text+0x16): undefined reference to `pthread_create'
collect2: error: ld returned 1 exit status
CMakeFiles/cmTC_6ed1b.dir/build.make:97: recipe for target 'cmTC_6ed1b' failed
make[7]: *** [cmTC_6ed1b] Error 1
make[7]: Leaving directory '/home/jeberlen/School/project2/testenviroment/smartcar-gmock/test/build/arduino_mock/arduino_mock/src/arduino_mock-build/lib/gmock/gmock/src/gmock-build/CMakeFiles/CMakeTmp'
Makefile:126: recipe for target 'cmTC_6ed1b/fast' failed
make[6]: *** [cmTC_6ed1b/fast] Error 2
make[6]: Leaving directory '/home/jeberlen/School/project2/testenviroment/smartcar-gmock/test/build/arduino_mock/arduino_mock/src/arduino_mock-build/lib/gmock/gmock/src/gmock-build/CMakeFiles/CMakeTmp'

File /home/jeberlen/School/project2/testenviroment/smartcar-gmock/test/build/arduino_mock/arduino_mock/src/arduino_mock-build/lib/gmock/gmock/src/gmock-build/CMakeFiles/CMakeTmp/CheckSymbolExists.c:
/* */
#include <pthread.h>

int main(int argc, char** argv)
{
  (void)argv;
#ifndef pthread_create
  return ((int*)(&pthread_create))[argc];
#else
  (void)argc;
  return 0;
#endif
}

Determining if the function pthread_create exists in the pthreads failed with the following output:
Change Dir: /home/jeberlen/School/project2/testenviroment/smartcar-gmock/test/build/arduino_mock/arduino_mock/src/arduino_mock-build/lib/gmock/gmock/src/gmock-build/CMakeFiles/CMakeTmp

Run Build Command:"/usr/bin/make" "cmTC_b3ae5/fast"
make[6]: Entering directory '/home/jeberlen/School/project2/testenviroment/smartcar-gmock/test/build/arduino_mock/arduino_mock/src/arduino_mock-build/lib/gmock/gmock/src/gmock-build/CMakeFiles/CMakeTmp'
/usr/bin/make -f CMakeFiles/cmTC_b3ae5.dir/build.make CMakeFiles/cmTC_b3ae5.dir/build
make[7]: Entering directory '/home/jeberlen/School/project2/testenviroment/smartcar-gmock/test/build/arduino_mock/arduino_mock/src/arduino_mock-build/lib/gmock/gmock/src/gmock-build/CMakeFiles/CMakeTmp'
Building C object CMakeFiles/cmTC_b3ae5.dir/CheckFunctionExists.c.o
/usr/bin/cc    -DCHECK_FUNCTION_EXISTS=pthread_create   -o CMakeFiles/cmTC_b3ae5.dir/CheckFunctionExists.c.o   -c /usr/share/cmake-3.5/Modules/CheckFunctionExists.c
Linking C executable cmTC_b3ae5
/usr/bin/cmake -E cmake_link_script CMakeFiles/cmTC_b3ae5.dir/link.txt --verbose=1
/usr/bin/cc   -DCHECK_FUNCTION_EXISTS=pthread_create    CMakeFiles/cmTC_b3ae5.dir/CheckFunctionExists.c.o  -o cmTC_b3ae5 -rdynamic -lpthreads 
/usr/bin/ld: cannot find -lpthreads
collect2: error: ld returned 1 exit status
CMakeFiles/cmTC_b3ae5.dir/build.make:97: recipe for target 'cmTC_b3ae5' failed
make[7]: *** [cmTC_b3ae5] Error 1
make[7]: Leaving directory '/home/jeberlen/School/project2/testenviroment/smartcar-gmock/test/build/arduino_mock/arduino_mock/src/arduino_mock-build/lib/gmock/gmock/src/gmock-build/CMakeFiles/CMakeTmp'
Makefile:126: recipe for target 'cmTC_b3ae5/fast' failed
make[6]: *** [cmTC_b3ae5/fast] Error 2
make[6]: Leaving directory '/home/jeberlen/School/project2/testenviroment/smartcar-gmock/test/build/arduino_mock/arduino_mock/src/arduino_mock-build/lib/gmock/gmock/src/gmock-build/CMakeFiles/CMakeTmp'


